


ARM Macro Assembler    Page 1 


    1 00000000         
    2 00000000         
    3 00000000 00000100 
                       Stack   EQU              0x00000100  ; Stack size of 256
                                                             bytes
    4 00000000         
    5 00000000                 AREA             STACK, NOINIT, READWRITE, ALIGN
=3
    6 00000000         
    7 00000000         StackMem
                               SPACE            Stack
    8 00000100         
    9 00000100                 AREA             RESET, DATA, READONLY
   10 00000000                 EXPORT           __Vectors
   11 00000000         
   12 00000000         __Vectors
   13 00000000 00000100        DCD              StackMem +Stack
   14 00000004 00000000        DCD              Reset_Handler
   15 00000008                 ALIGN
   16 00000008         
   17 00000008                 AREA             SimpleProject, CODE, READONLY, 
ALIGN=2
   18 00000000                 ENTRY
   19 00000000                 EXPORT           Reset_Handler
   20 00000000         
   21 00000000         Reset_Handler
   22 00000000 F241 2534       MOV              R5, #0x1234
   23 00000004 F241 2334       MOV              R3, #0x1234
   24 00000008         
   25 00000008 EB05 0605       add              r6, r5, r5
   26 0000000C         
   27 0000000C E7FE    STOP    b                STOP
   28 0000000E                 END
Command Line: --debug --xref --diag_suppress=9931 --cpu=Cortex-M4 --apcs=interw
ork --depend=.\objects\main.d -o.\objects\main.o -I.\RTE\_Cortex_M4 -IC:\Users\
start\AppData\Local\Arm\Packs\ARM\CMSIS\5.6.0\Device\ARM\ARMCM4\Include -IC:\Ke
il_v5\ARM\CMSIS\Include --predefine="__EVAL SETA 1" --predefine="__MICROLIB SET
A 1" --predefine="__UVISION_VERSION SETA 529" --predefine="ARMCM4 SETA 1" --lis
t=.\listings\main.lst main.s



ARM Macro Assembler    Page 1 Alphabetic symbol ordering
Relocatable symbols

STACK 00000000

Symbol: STACK
   Definitions
      At line 5 in file main.s
   Uses
      None
Comment: STACK unused
StackMem 00000000

Symbol: StackMem
   Definitions
      At line 7 in file main.s
   Uses
      At line 13 in file main.s
Comment: StackMem used once
2 symbols



ARM Macro Assembler    Page 1 Alphabetic symbol ordering
Relocatable symbols

RESET 00000000

Symbol: RESET
   Definitions
      At line 9 in file main.s
   Uses
      None
Comment: RESET unused
__Vectors 00000000

Symbol: __Vectors
   Definitions
      At line 12 in file main.s
   Uses
      At line 10 in file main.s
Comment: __Vectors used once
2 symbols



ARM Macro Assembler    Page 1 Alphabetic symbol ordering
Relocatable symbols

Reset_Handler 00000000

Symbol: Reset_Handler
   Definitions
      At line 21 in file main.s
   Uses
      At line 14 in file main.s
      At line 19 in file main.s

STOP 0000000C

Symbol: STOP
   Definitions
      At line 27 in file main.s
   Uses
      At line 27 in file main.s
Comment: STOP used once
SimpleProject 00000000

Symbol: SimpleProject
   Definitions
      At line 17 in file main.s
   Uses
      None
Comment: SimpleProject unused
3 symbols



ARM Macro Assembler    Page 1 Alphabetic symbol ordering
Absolute symbols

Stack 00000100

Symbol: Stack
   Definitions
      At line 3 in file main.s
   Uses
      At line 7 in file main.s
      At line 13 in file main.s

1 symbol
342 symbols in table
